<?xml version="1.0" encoding="UTF-8"?>
<testsuite name="runners.CucumberTestSuite" tests="0" skipped="0" failures="0" errors="0" timestamp="1970-01-01T00:00:00" hostname="M-VICTORESTUPIN.local" time="0.0">
  <properties/>
  <system-out><![CDATA[17:50:23.600 [Test worker] DEBUG net.thucydides.core.guice.Injectors - Created injector for module net.thucydides.core.guice.ThucydidesModule
17:50:23.631 [Test worker] INFO io.cucumber.core.plugin.SerenityReporter - Running feature from file:///Users/victorhugoestupinanchalaca/Repos/serenitybdd-appium-poc-master/src/test/resources/features/wikipedia.feature
17:50:23.673 [Test worker] DEBUG net.thucydides.core.guice.Injectors - Created injector for module net.thucydides.core.guice.webdriver.WebDriverModule
17:50:23.678 [Test worker] INFO  - 

-------------------------------------------------------------------------------------
     _______. _______ .______       _______ .__   __.  __  .___________.____    ____ 
    /       ||   ____||   _  \     |   ____||  \ |  | |  | |           |\   \  /   / 
   |   (----`|  |__   |  |_)  |    |  |__   |   \|  | |  | `---|  |----` \   \/   /  
    \   \    |   __|  |      /     |   __|  |  . `  | |  |     |  |       \_    _/   
.----)   |   |  |____ |  |\  \----.|  |____ |  |\   | |  |     |  |         |  |     
|_______/    |_______|| _| `._____||_______||__| \__| |__|     |__|         |__|    
                                                                                     
 News and tutorials at http://www.serenity-bdd.info                                  
 Documentation at https://wakaleo.gitbooks.io/the-serenity-book/content/             
 Join the Serenity Community on Gitter: https://gitter.im/serenity-bdd/serenity-core 
 Serenity BDD Support and Training at http://serenity-bdd.info/#/trainingandsupport  
-------------------------------------------------------------------------------------

17:50:23.679 [Test worker] DEBUG net.thucydides.core.steps.StepEventBus - Test suite started for story net.thucydides.core.model.Story@9fe1207e
17:50:23.679 [Test worker] INFO  - Test Suite Started: Flujos en Wikipediapp
17:50:23.684 [Test worker] INFO io.cucumber.core.plugin.SerenityReporter - Running feature from file:///Users/victorhugoestupinanchalaca/Repos/serenitybdd-appium-poc-master/src/test/resources/features/wikipedia.feature
17:50:23.685 [Test worker] DEBUG net.thucydides.core.steps.StepEventBus - Test suite started for story net.thucydides.core.model.Story@9fe1207e
17:50:23.685 [Test worker] INFO  - Test Suite Started: Flujos en Wikipediapp
17:50:41.041 [Test worker] DEBUG net.thucydides.core.reports.ReportService - Reporting formats: [JSON, HTML]
17:50:41.076 [Test worker] DEBUG net.thucydides.core.reports.ReportService - Reporting formats: [JSON, HTML]
17:50:41.078 [Test worker] DEBUG net.thucydides.core.reports.ReportService - Generating reports for 1 test outcomes using: net.thucydides.core.reports.json.JSONTestOutcomeReporter@61e14b53
17:50:41.079 [pool-1-thread-1] DEBUG net.thucydides.core.reports.ReportService - Processing test outcome Flujos en Wikipediapp:Omitir Onboarding y realizar busqueda
17:50:41.079 [pool-1-thread-1] DEBUG net.thucydides.core.reports.ReportService - net.thucydides.core.reports.json.JSONTestOutcomeReporter@61e14b53: Generating report for test outcome: Flujos en Wikipediapp:Omitir Onboarding y realizar busqueda
17:50:41.081 [pool-1-thread-1] DEBUG net.thucydides.core.reports.json.JSONTestOutcomeReporter - Generating JSON report for Omitir Onboarding y realizar busqueda to file /Users/victorhugoestupinanchalaca/Repos/serenitybdd-appium-poc-master/target/site/serenity/6312e17509e57f4271b81e39efcd8c88975cfcff6b6272d70be7add489d60e6f.json (using temp file /Users/victorhugoestupinanchalaca/Repos/serenitybdd-appium-poc-master/target/site/serenity/6312e17509e57f4271b81e39efcd8c88975cfcff6b6272d70be7add489d60e6f.jsonee7dac38-f867-40b4-a37b-fd7a5c6815c6)
17:50:41.096 [pool-1-thread-1] DEBUG net.thucydides.core.reports.ReportService - Processing test outcome Flujos en Wikipediapp:Omitir Onboarding y realizar busqueda done
17:50:41.096 [Test worker] DEBUG net.thucydides.core.reports.ReportService - Shutting down executor service
17:50:41.096 [Test worker] DEBUG net.thucydides.core.reports.ReportService - Reports generated in: 18 ms
17:50:41.096 [Test worker] DEBUG net.thucydides.core.reports.ReportService - Generating reports for 1 test outcomes using: net.thucydides.core.reports.html.HtmlAcceptanceTestReporter@22cd8ec2
17:50:41.096 [pool-2-thread-1] DEBUG net.thucydides.core.reports.ReportService - Processing test outcome Flujos en Wikipediapp:Omitir Onboarding y realizar busqueda
17:50:41.096 [pool-2-thread-1] DEBUG net.thucydides.core.reports.ReportService - net.thucydides.core.reports.html.HtmlAcceptanceTestReporter@22cd8ec2: Generating report for test outcome: Flujos en Wikipediapp:Omitir Onboarding y realizar busqueda
17:50:41.429 [AsyncHttpClient-1-1] DEBUG org.asynchttpclient.netty.channel.DefaultChannelPool - Entry count for : http://localhost:4723 : 1
17:50:42.271 [pool-2-thread-1] DEBUG net.thucydides.core.reports.ReportService - Processing test outcome Flujos en Wikipediapp:Omitir Onboarding y realizar busqueda done
17:50:42.271 [Test worker] DEBUG net.thucydides.core.reports.ReportService - Shutting down executor service
17:50:42.271 [Test worker] DEBUG net.thucydides.core.reports.ReportService - Reports generated in: 1175 ms
17:50:42.298 [Test worker] DEBUG net.serenitybdd.core.photography.Darkroom - Closing darkroom
17:50:42.298 [Darkroom Processing Line] DEBUG net.serenitybdd.core.photography.DarkroomProcessingLine - Darkroom processing line shutting down
17:50:42.301 [Test worker] DEBUG net.serenitybdd.core.photography.Darkroom - Closing darkroom
]]></system-out>
  <system-err><![CDATA[?[32m?[1m┌───────────────────────────────────────────────────────────────────────────────────┐?[0m
?[32m?[1m│?[0m Share your Cucumber Report with your team at ?[36m?[1m?[4mhttps://reports.cucumber.io?[0m          ?[32m?[1m│?[0m
?[32m?[1m│?[0m Activate publishing with one of the following:                                    ?[32m?[1m│?[0m
?[32m?[1m│?[0m                                                                                   ?[32m?[1m│?[0m
?[32m?[1m│?[0m src/test/resources/cucumber.properties:          ?[36mcucumber.publish.enabled?[0m=?[36mtrue?[0m    ?[32m?[1m│?[0m
?[32m?[1m│?[0m src/test/resources/junit-platform.properties:    ?[36mcucumber.publish.enabled?[0m=?[36mtrue?[0m    ?[32m?[1m│?[0m
?[32m?[1m│?[0m Environment variable:                            ?[36mCUCUMBER_PUBLISH_ENABLED?[0m=?[36mtrue?[0m    ?[32m?[1m│?[0m
?[32m?[1m│?[0m JUnit:                                           ?[36m@CucumberOptions?[0m(publish = ?[36mtrue?[0m) ?[32m?[1m│?[0m
?[32m?[1m│?[0m                                                                                   ?[32m?[1m│?[0m
?[32m?[1m│?[0m More information at ?[36mhttps://cucumber.io/docs/cucumber/environment-variables/?[0m      ?[32m?[1m│?[0m
?[32m?[1m│?[0m                                                                                   ?[32m?[1m│?[0m
?[32m?[1m│?[0m Disable this message with one of the following:                                   ?[32m?[1m│?[0m
?[32m?[1m│?[0m                                                                                   ?[32m?[1m│?[0m
?[32m?[1m│?[0m src/test/resources/cucumber.properties:          ?[36mcucumber.publish.quiet?[0m=?[36mtrue?[0m      ?[32m?[1m│?[0m
?[32m?[1m│?[0m src/test/resources/junit-platform.properties:    ?[36mcucumber.publish.quiet?[0m=?[36mtrue?[0m      ?[32m?[1m│?[0m
?[32m?[1m└───────────────────────────────────────────────────────────────────────────────────┘?[0m
]]></system-err>
</testsuite>
