<?xml version="1.0" encoding="UTF-8"?>
<testsuite name="runners.CucumberTestSuite" tests="0" skipped="0" failures="0" errors="0" timestamp="1970-01-01T00:00:00" hostname="M-VICTORESTUPIN.local" time="0.0">
  <properties/>
  <system-out><![CDATA[13:58:44.074 [Test worker] DEBUG net.thucydides.core.guice.Injectors - Created injector for module net.thucydides.core.guice.ThucydidesModule
13:58:44.108 [Test worker] INFO io.cucumber.core.plugin.SerenityReporter - Running feature from file:///Users/victorhugoestupinanchalaca/Repos/serenitybdd-appium-poc-master/src/test/resources/features/wikipedia.feature
13:58:44.154 [Test worker] DEBUG net.thucydides.core.guice.Injectors - Created injector for module net.thucydides.core.guice.webdriver.WebDriverModule
13:58:44.159 [Test worker] INFO  - 

-------------------------------------------------------------------------------------
     _______. _______ .______       _______ .__   __.  __  .___________.____    ____ 
    /       ||   ____||   _  \     |   ____||  \ |  | |  | |           |\   \  /   / 
   |   (----`|  |__   |  |_)  |    |  |__   |   \|  | |  | `---|  |----` \   \/   /  
    \   \    |   __|  |      /     |   __|  |  . `  | |  |     |  |       \_    _/   
.----)   |   |  |____ |  |\  \----.|  |____ |  |\   | |  |     |  |         |  |     
|_______/    |_______|| _| `._____||_______||__| \__| |__|     |__|         |__|    
                                                                                     
 News and tutorials at http://www.serenity-bdd.info                                  
 Documentation at https://wakaleo.gitbooks.io/the-serenity-book/content/             
 Join the Serenity Community on Gitter: https://gitter.im/serenity-bdd/serenity-core 
 Serenity BDD Support and Training at http://serenity-bdd.info/#/trainingandsupport  
-------------------------------------------------------------------------------------

13:58:44.160 [Test worker] DEBUG net.thucydides.core.steps.StepEventBus - Test suite started for story net.thucydides.core.model.Story@9fe1207e
13:58:44.161 [Test worker] INFO  - Test Suite Started: Flujos en Wikipediapp
13:58:44.166 [Test worker] INFO io.cucumber.core.plugin.SerenityReporter - Running feature from file:///Users/victorhugoestupinanchalaca/Repos/serenitybdd-appium-poc-master/src/test/resources/features/wikipedia.feature
13:58:44.167 [Test worker] DEBUG net.thucydides.core.steps.StepEventBus - Test suite started for story net.thucydides.core.model.Story@9fe1207e
13:58:44.167 [Test worker] INFO  - Test Suite Started: Flujos en Wikipediapp
13:59:01.968 [Test worker] DEBUG net.thucydides.core.reports.ReportService - Reporting formats: [JSON, HTML]
13:59:02.002 [Test worker] DEBUG net.thucydides.core.reports.ReportService - Reporting formats: [JSON, HTML]
13:59:02.004 [Test worker] DEBUG net.thucydides.core.reports.ReportService - Generating reports for 1 test outcomes using: net.thucydides.core.reports.json.JSONTestOutcomeReporter@71fb8301
13:59:02.005 [pool-1-thread-1] DEBUG net.thucydides.core.reports.ReportService - Processing test outcome Flujos en Wikipediapp:Agregar idioma en home
13:59:02.005 [pool-1-thread-1] DEBUG net.thucydides.core.reports.ReportService - net.thucydides.core.reports.json.JSONTestOutcomeReporter@71fb8301: Generating report for test outcome: Flujos en Wikipediapp:Agregar idioma en home
13:59:02.007 [pool-1-thread-1] DEBUG net.thucydides.core.reports.json.JSONTestOutcomeReporter - Generating JSON report for Agregar idioma en home to file /Users/victorhugoestupinanchalaca/Repos/serenitybdd-appium-poc-master/target/site/serenity/b0f363e706c81ab008415d733a98991eddba76dfb7a3f5217623df317c53b806.json (using temp file /Users/victorhugoestupinanchalaca/Repos/serenitybdd-appium-poc-master/target/site/serenity/b0f363e706c81ab008415d733a98991eddba76dfb7a3f5217623df317c53b806.jsonc1b9ad63-eeec-4940-8ef0-70932090dbcd)
13:59:02.022 [pool-1-thread-1] DEBUG net.thucydides.core.reports.ReportService - Processing test outcome Flujos en Wikipediapp:Agregar idioma en home done
13:59:02.022 [Test worker] DEBUG net.thucydides.core.reports.ReportService - Shutting down executor service
13:59:02.022 [Test worker] DEBUG net.thucydides.core.reports.ReportService - Reports generated in: 18 ms
13:59:02.022 [Test worker] DEBUG net.thucydides.core.reports.ReportService - Generating reports for 1 test outcomes using: net.thucydides.core.reports.html.HtmlAcceptanceTestReporter@47162173
13:59:02.022 [pool-2-thread-1] DEBUG net.thucydides.core.reports.ReportService - Processing test outcome Flujos en Wikipediapp:Agregar idioma en home
13:59:02.022 [pool-2-thread-1] DEBUG net.thucydides.core.reports.ReportService - net.thucydides.core.reports.html.HtmlAcceptanceTestReporter@47162173: Generating report for test outcome: Flujos en Wikipediapp:Agregar idioma en home
13:59:02.023 [AsyncHttpClient-1-1] DEBUG org.asynchttpclient.netty.channel.DefaultChannelPool - Entry count for : http://localhost:4723 : 1
13:59:03.116 [pool-2-thread-1] DEBUG net.thucydides.core.reports.ReportService - Processing test outcome Flujos en Wikipediapp:Agregar idioma en home done
13:59:03.117 [Test worker] DEBUG net.thucydides.core.reports.ReportService - Shutting down executor service
13:59:03.117 [Test worker] DEBUG net.thucydides.core.reports.ReportService - Reports generated in: 1095 ms
13:59:03.123 [AsyncHttpClient-1-1] DEBUG org.asynchttpclient.netty.channel.DefaultChannelPool - Entry count for : http://localhost:4723 : 1
13:59:03.152 [Test worker] DEBUG net.serenitybdd.core.photography.Darkroom - Closing darkroom
13:59:03.152 [Darkroom Processing Line] DEBUG net.serenitybdd.core.photography.DarkroomProcessingLine - Darkroom processing line shutting down
13:59:03.155 [Test worker] DEBUG net.serenitybdd.core.photography.Darkroom - Closing darkroom
]]></system-out>
  <system-err><![CDATA[?[32m?[1m┌───────────────────────────────────────────────────────────────────────────────────┐?[0m
?[32m?[1m│?[0m Share your Cucumber Report with your team at ?[36m?[1m?[4mhttps://reports.cucumber.io?[0m          ?[32m?[1m│?[0m
?[32m?[1m│?[0m Activate publishing with one of the following:                                    ?[32m?[1m│?[0m
?[32m?[1m│?[0m                                                                                   ?[32m?[1m│?[0m
?[32m?[1m│?[0m src/test/resources/cucumber.properties:          ?[36mcucumber.publish.enabled?[0m=?[36mtrue?[0m    ?[32m?[1m│?[0m
?[32m?[1m│?[0m src/test/resources/junit-platform.properties:    ?[36mcucumber.publish.enabled?[0m=?[36mtrue?[0m    ?[32m?[1m│?[0m
?[32m?[1m│?[0m Environment variable:                            ?[36mCUCUMBER_PUBLISH_ENABLED?[0m=?[36mtrue?[0m    ?[32m?[1m│?[0m
?[32m?[1m│?[0m JUnit:                                           ?[36m@CucumberOptions?[0m(publish = ?[36mtrue?[0m) ?[32m?[1m│?[0m
?[32m?[1m│?[0m                                                                                   ?[32m?[1m│?[0m
?[32m?[1m│?[0m More information at ?[36mhttps://cucumber.io/docs/cucumber/environment-variables/?[0m      ?[32m?[1m│?[0m
?[32m?[1m│?[0m                                                                                   ?[32m?[1m│?[0m
?[32m?[1m│?[0m Disable this message with one of the following:                                   ?[32m?[1m│?[0m
?[32m?[1m│?[0m                                                                                   ?[32m?[1m│?[0m
?[32m?[1m│?[0m src/test/resources/cucumber.properties:          ?[36mcucumber.publish.quiet?[0m=?[36mtrue?[0m      ?[32m?[1m│?[0m
?[32m?[1m│?[0m src/test/resources/junit-platform.properties:    ?[36mcucumber.publish.quiet?[0m=?[36mtrue?[0m      ?[32m?[1m│?[0m
?[32m?[1m└───────────────────────────────────────────────────────────────────────────────────┘?[0m
]]></system-err>
</testsuite>
